TN:
SF:src\app.controller.js
FN:2,(anonymous_0)
FN:11,(anonymous_1)
FN:12,AppController
FN:15,(anonymous_3)
FNF:4
FNH:0
FNDA:0,(anonymous_0)
FNDA:0,(anonymous_1)
FNDA:0,AppController
FNDA:0,(anonymous_3)
DA:2,0
DA:3,0
DA:4,0
DA:5,0
DA:6,0
DA:8,0
DA:9,0
DA:10,0
DA:11,0
DA:13,0
DA:15,0
DA:16,0
DA:18,0
DA:21,0
DA:24,0
DA:26,0
LF:16
LH:0
BRDA:2,0,0,0
BRDA:2,0,1,0
BRDA:2,0,2,0
BRDA:3,1,0,0
BRDA:3,1,1,0
BRDA:3,2,0,0
BRDA:3,2,1,0
BRDA:4,3,0,0
BRDA:4,3,1,0
BRDA:4,4,0,0
BRDA:4,4,1,0
BRDA:5,5,0,0
BRDA:5,5,1,0
BRDA:5,6,0,0
BRDA:5,6,1,0
BRDA:5,7,0,0
BRDA:5,7,1,0
BRDA:5,8,0,0
BRDA:5,8,1,0
BRDA:6,9,0,0
BRDA:6,9,1,0
BRDA:6,9,2,0
BRF:22
BRH:0
end_of_record
TN:
SF:src\app.controller.ts
FN:11,(anonymous_2)
FN:20,(anonymous_3)
FNF:2
FNH:0
FNDA:0,(anonymous_2)
FNDA:0,(anonymous_3)
DA:1,0
DA:2,0
DA:7,0
DA:11,0
DA:20,0
DA:21,0
LF:6
LH:0
BRF:0
BRH:0
end_of_record
TN:
SF:src\app.module.js
FN:2,(anonymous_0)
FN:16,(anonymous_1)
FN:17,AppModule
FNF:3
FNH:0
FNDA:0,(anonymous_0)
FNDA:0,(anonymous_1)
FNDA:0,AppModule
DA:2,0
DA:3,0
DA:4,0
DA:5,0
DA:6,0
DA:8,0
DA:9,0
DA:10,0
DA:11,0
DA:12,0
DA:13,0
DA:14,0
DA:15,0
DA:16,0
DA:19,0
DA:36,0
DA:38,0
LF:17
LH:0
BRDA:2,0,0,0
BRDA:2,0,1,0
BRDA:2,0,2,0
BRDA:3,1,0,0
BRDA:3,1,1,0
BRDA:3,2,0,0
BRDA:3,2,1,0
BRDA:4,3,0,0
BRDA:4,3,1,0
BRDA:4,4,0,0
BRDA:4,4,1,0
BRDA:5,5,0,0
BRDA:5,5,1,0
BRDA:5,6,0,0
BRDA:5,6,1,0
BRDA:5,7,0,0
BRDA:5,7,1,0
BRDA:5,8,0,0
BRDA:5,8,1,0
BRDA:6,9,0,0
BRDA:6,9,1,0
BRDA:6,9,2,0
BRF:22
BRH:0
end_of_record
TN:
SF:src\app.module.ts
FNF:0
FNH:0
DA:1,0
DA:2,0
DA:3,0
DA:4,0
DA:5,0
DA:7,0
DA:8,0
DA:9,0
DA:10,0
DA:38,0
LF:10
LH:0
BRF:0
BRH:0
end_of_record
TN:
SF:src\app.service.js
FN:2,(anonymous_0)
FN:11,(anonymous_1)
FN:12,AppService
FN:14,(anonymous_3)
FNF:4
FNH:0
FNDA:0,(anonymous_0)
FNDA:0,(anonymous_1)
FNDA:0,AppService
FNDA:0,(anonymous_3)
DA:2,0
DA:3,0
DA:4,0
DA:5,0
DA:6,0
DA:8,0
DA:9,0
DA:10,0
DA:11,0
DA:14,0
DA:15,0
DA:17,0
DA:20,0
DA:22,0
LF:14
LH:0
BRDA:2,0,0,0
BRDA:2,0,1,0
BRDA:2,0,2,0
BRDA:3,1,0,0
BRDA:3,1,1,0
BRDA:3,2,0,0
BRDA:3,2,1,0
BRDA:4,3,0,0
BRDA:4,3,1,0
BRDA:4,4,0,0
BRDA:4,4,1,0
BRDA:5,5,0,0
BRDA:5,5,1,0
BRDA:5,6,0,0
BRDA:5,6,1,0
BRDA:5,7,0,0
BRDA:5,7,1,0
BRDA:5,8,0,0
BRDA:5,8,1,0
BRDA:6,9,0,0
BRDA:6,9,1,0
BRDA:6,9,2,0
BRF:22
BRH:0
end_of_record
TN:
SF:src\app.service.ts
FN:7,(anonymous_1)
FN:14,(anonymous_2)
FNF:2
FNH:0
FNDA:0,(anonymous_1)
FNDA:0,(anonymous_2)
DA:1,0
DA:6,0
DA:8,0
DA:15,0
LF:4
LH:0
BRF:0
BRH:0
end_of_record
TN:
SF:src\main.js
FN:2,(anonymous_0)
FN:3,adopt
FN:3,(anonymous_2)
FN:4,(anonymous_3)
FN:5,fulfilled
FN:6,rejected
FN:7,step
FN:11,(anonymous_7)
FN:12,(anonymous_8)
FN:13,(anonymous_9)
FN:14,verb
FN:14,(anonymous_11)
FN:15,step
FN:43,bootstrap
FN:44,(anonymous_14)
FN:46,(anonymous_15)
FNF:16
FNH:0
FNDA:0,(anonymous_0)
FNDA:0,adopt
FNDA:0,(anonymous_2)
FNDA:0,(anonymous_3)
FNDA:0,fulfilled
FNDA:0,rejected
FNDA:0,step
FNDA:0,(anonymous_7)
FNDA:0,(anonymous_8)
FNDA:0,(anonymous_9)
FNDA:0,verb
FNDA:0,(anonymous_11)
FNDA:0,step
FNDA:0,bootstrap
FNDA:0,(anonymous_14)
FNDA:0,(anonymous_15)
DA:2,0
DA:3,0
DA:4,0
DA:5,0
DA:6,0
DA:7,0
DA:8,0
DA:11,0
DA:12,0
DA:13,0
DA:14,0
DA:16,0
DA:17,0
DA:18,0
DA:19,0
DA:20,0
DA:21,0
DA:22,0
DA:23,0
DA:24,0
DA:26,0
DA:27,0
DA:28,0
DA:29,0
DA:30,0
DA:31,0
DA:33,0
DA:34,0
DA:35,0
DA:38,0
DA:39,0
DA:40,0
DA:41,0
DA:42,0
DA:44,0
DA:46,0
DA:47,0
DA:48,0
DA:50,0
DA:51,0
DA:52,0
DA:57,0
DA:58,0
DA:59,0
DA:61,0
DA:62,0
DA:67,0
LF:47
LH:0
BRDA:2,0,0,0
BRDA:2,0,1,0
BRDA:2,0,2,0
BRDA:3,1,0,0
BRDA:3,1,1,0
BRDA:4,2,0,0
BRDA:4,2,1,0
BRDA:7,3,0,0
BRDA:7,3,1,0
BRDA:8,4,0,0
BRDA:8,4,1,0
BRDA:11,5,0,0
BRDA:11,5,1,0
BRDA:11,5,2,0
BRDA:12,6,0,0
BRDA:12,6,1,0
BRDA:13,7,0,0
BRDA:13,7,1,0
BRDA:16,8,0,0
BRDA:16,8,1,0
BRDA:18,9,0,0
BRDA:18,9,1,0
BRDA:18,10,0,0
BRDA:18,10,1,0
BRDA:18,10,2,0
BRDA:18,11,0,0
BRDA:18,11,1,0
BRDA:18,12,0,0
BRDA:18,12,1,0
BRDA:18,13,0,0
BRDA:18,13,1,0
BRDA:18,14,0,0
BRDA:18,14,1,0
BRDA:19,15,0,0
BRDA:19,15,1,0
BRDA:20,16,0,0
BRDA:20,16,1,0
BRDA:20,16,2,0
BRDA:20,16,3,0
BRDA:20,16,4,0
BRDA:20,16,5,0
BRDA:26,17,0,0
BRDA:26,17,1,0
BRDA:26,18,0,0
BRDA:26,18,1,0
BRDA:26,18,2,0
BRDA:26,19,0,0
BRDA:26,19,1,0
BRDA:27,20,0,0
BRDA:27,20,1,0
BRDA:27,21,0,0
BRDA:27,21,1,0
BRDA:27,21,2,0
BRDA:27,21,3,0
BRDA:28,22,0,0
BRDA:28,22,1,0
BRDA:28,23,0,0
BRDA:28,23,1,0
BRDA:29,24,0,0
BRDA:29,24,1,0
BRDA:29,25,0,0
BRDA:29,25,1,0
BRDA:30,26,0,0
BRDA:30,26,1,0
BRDA:35,27,0,0
BRDA:35,27,1,0
BRDA:35,28,0,0
BRDA:35,28,1,0
BRDA:47,29,0,0
BRDA:47,29,1,0
BRDA:47,29,2,0
BRF:71
BRH:0
end_of_record
TN:
SF:src\main.ts
FN:10,bootstrap
FNF:1
FNH:0
FNDA:0,bootstrap
DA:1,0
DA:2,0
DA:3,0
DA:5,0
DA:14,0
DA:18,0
DA:34,0
DA:42,0
DA:48,0
DA:49,0
DA:50,0
DA:52,0
LF:12
LH:0
BRF:0
BRH:0
end_of_record
TN:
SF:src\User\jwt-strategy.ts
FN:10,(anonymous_2)
FN:16,(anonymous_3)
FNF:2
FNH:0
FNDA:0,(anonymous_2)
FNDA:0,(anonymous_3)
DA:1,0
DA:2,0
DA:4,0
DA:5,0
DA:9,0
DA:10,0
DA:11,0
DA:17,0
DA:18,0
DA:19,0
DA:20,0
DA:22,0
LF:12
LH:0
BRF:0
BRH:0
end_of_record
TN:
SF:src\User\role.enum.ts
FN:1,(anonymous_0)
FNF:1
FNH:0
FNDA:0,(anonymous_0)
DA:1,0
DA:2,0
DA:3,0
LF:3
LH:0
BRDA:1,0,0,0
BRDA:1,0,1,0
BRF:2
BRH:0
end_of_record
TN:
SF:src\User\user.controller.ts
FN:28,(anonymous_4)
FN:41,(anonymous_5)
FN:56,(anonymous_6)
FN:68,(anonymous_7)
FN:79,(anonymous_8)
FN:90,(anonymous_9)
FN:104,(anonymous_10)
FN:118,(anonymous_11)
FN:133,(anonymous_12)
FNF:9
FNH:0
FNDA:0,(anonymous_4)
FNDA:0,(anonymous_5)
FNDA:0,(anonymous_6)
FNDA:0,(anonymous_7)
FNDA:0,(anonymous_8)
FNDA:0,(anonymous_9)
FNDA:0,(anonymous_10)
FNDA:0,(anonymous_11)
FNDA:0,(anonymous_12)
DA:1,0
DA:2,0
DA:4,0
DA:5,0
DA:6,0
DA:7,0
DA:8,0
DA:9,0
DA:10,0
DA:11,0
DA:27,0
DA:28,0
DA:41,0
DA:42,0
DA:56,0
DA:57,0
DA:68,0
DA:69,0
DA:79,0
DA:80,0
DA:90,0
DA:91,0
DA:104,0
DA:106,0
DA:118,0
DA:119,0
DA:133,0
DA:135,0
LF:28
LH:0
BRF:0
BRH:0
end_of_record
TN:
SF:src\User\user.entity.ts
FN:20,(anonymous_2)
FN:20,(anonymous_3)
FNF:2
FNH:0
FNDA:0,(anonymous_2)
FNDA:0,(anonymous_3)
DA:1,0
DA:2,0
DA:3,0
DA:6,0
DA:9,0
DA:11,0
DA:13,0
DA:15,0
DA:17,0
DA:19,0
DA:20,0
DA:28,0
LF:12
LH:0
BRF:0
BRH:0
end_of_record
TN:
SF:src\User\user.module.ts
FN:17,(anonymous_1)
FNF:1
FNH:0
FNDA:0,(anonymous_1)
DA:1,0
DA:2,0
DA:3,0
DA:4,0
DA:5,0
DA:6,0
DA:7,0
DA:8,0
DA:9,0
DA:10,0
DA:17,0
DA:26,0
LF:12
LH:0
BRF:0
BRH:0
end_of_record
TN:
SF:src\User\user.repository.ts
FN:6,(anonymous_2)
FNF:1
FNH:0
FNDA:0,(anonymous_2)
DA:1,0
DA:2,0
DA:3,0
DA:5,0
DA:6,0
DA:7,0
LF:6
LH:0
BRF:0
BRH:0
end_of_record
TN:
SF:src\User\user.service.ts
FN:25,(anonymous_4)
FN:35,(anonymous_5)
FN:59,(anonymous_6)
FN:70,(anonymous_7)
FN:98,(anonymous_8)
FN:126,(anonymous_9)
FN:141,(anonymous_10)
FN:155,(anonymous_11)
FN:168,(anonymous_12)
FN:174,(anonymous_13)
FN:188,(anonymous_14)
FNF:11
FNH:0
FNDA:0,(anonymous_4)
FNDA:0,(anonymous_5)
FNDA:0,(anonymous_6)
FNDA:0,(anonymous_7)
FNDA:0,(anonymous_8)
FNDA:0,(anonymous_9)
FNDA:0,(anonymous_10)
FNDA:0,(anonymous_11)
FNDA:0,(anonymous_12)
FNDA:0,(anonymous_13)
FNDA:0,(anonymous_14)
DA:3,0
DA:4,0
DA:7,0
DA:9,0
DA:10,0
DA:14,0
DA:16,0
DA:17,0
DA:18,0
DA:23,0
DA:24,0
DA:25,0
DA:27,0
DA:28,0
DA:29,0
DA:30,0
DA:36,0
DA:37,0
DA:39,0
DA:43,0
DA:60,0
DA:71,0
DA:72,0
DA:73,0
DA:74,0
DA:75,0
DA:76,0
DA:77,0
DA:78,0
DA:79,0
DA:80,0
DA:81,0
DA:83,0
DA:84,0
DA:85,0
DA:88,0
DA:99,0
DA:100,0
DA:102,0
DA:104,0
DA:105,0
DA:106,0
DA:109,0
DA:112,0
DA:113,0
DA:114,0
DA:117,0
DA:129,0
DA:130,0
DA:131,0
DA:133,0
DA:142,0
DA:143,0
DA:144,0
DA:145,0
DA:146,0
DA:156,0
DA:157,0
DA:158,0
DA:159,0
DA:161,0
DA:169,0
DA:174,0
DA:175,0
DA:176,0
DA:177,0
DA:178,0
DA:188,0
DA:189,0
DA:190,0
LF:70
LH:0
BRDA:37,0,0,0
BRDA:78,1,0,0
BRDA:78,1,1,0
BRDA:78,2,0,0
BRDA:78,2,1,0
BRDA:78,3,0,0
BRDA:78,3,1,0
BRDA:102,4,0,0
BRDA:102,4,1,0
BRDA:102,5,0,0
BRDA:102,5,1,0
BRDA:130,6,0,0
BRDA:143,7,0,0
BRDA:145,8,0,0
BRDA:158,9,0,0
BRDA:158,9,1,0
BRF:16
BRH:0
end_of_record
TN:
SF:src\User\decorators\roles.decorators.ts
FN:5,(anonymous_0)
FNF:1
FNH:0
FNDA:0,(anonymous_0)
DA:1,0
DA:4,0
DA:5,0
LF:3
LH:0
BRF:0
BRH:0
end_of_record
TN:
SF:src\User\dto\login.dto.ts
FNF:0
FNH:0
DA:1,0
LF:1
LH:0
BRF:0
BRH:0
end_of_record
TN:
SF:src\User\dto\user.dto.ts
FNF:0
FNH:0
DA:1,0
DA:2,0
DA:3,0
DA:5,0
DA:16,0
DA:21,0
DA:25,0
DA:29,0
DA:33,0
LF:9
LH:0
BRF:0
BRH:0
end_of_record
TN:
SF:src\User\guards\jwt-auth-guard.ts
FNF:0
FNH:0
DA:1,0
DA:2,0
DA:5,0
LF:3
LH:0
BRF:0
BRH:0
end_of_record
TN:
SF:src\User\guards\roles.guards.ts
FN:8,(anonymous_2)
FN:10,(anonymous_3)
FN:19,(anonymous_4)
FNF:3
FNH:0
FNDA:0,(anonymous_2)
FNDA:0,(anonymous_3)
FNDA:0,(anonymous_4)
DA:1,0
DA:2,0
DA:3,0
DA:7,0
DA:8,0
DA:11,0
DA:15,0
DA:16,0
DA:17,0
DA:18,0
DA:19,0
LF:11
LH:0
BRF:0
BRH:0
end_of_record
TN:
SF:src\User\guards\test-guard.ts
FN:6,(anonymous_1)
FNF:1
FNH:0
FNDA:0,(anonymous_1)
DA:1,0
DA:5,0
DA:9,0
DA:11,0
LF:4
LH:0
BRF:0
BRH:0
end_of_record
TN:
SF:src\User\profile\profile.dto.ts
FNF:0
FNH:0
DA:1,0
DA:5,0
DA:8,0
DA:14,0
DA:18,0
LF:5
LH:0
BRF:0
BRH:0
end_of_record
TN:
SF:src\User\profile\profile.entity.ts
FN:18,(anonymous_2)
FN:18,(anonymous_3)
FNF:2
FNH:0
FNDA:0,(anonymous_2)
FNDA:0,(anonymous_3)
DA:2,0
DA:3,0
DA:9,0
DA:12,0
DA:14,0
DA:17,0
DA:18,0
DA:19,0
LF:8
LH:0
BRF:0
BRH:0
end_of_record
TN:
SF:src\catagories\Categories.Controller.js
FN:2,(anonymous_0)
FN:8,(anonymous_1)
FN:9,(anonymous_2)
FN:11,(anonymous_3)
FN:12,adopt
FN:12,(anonymous_5)
FN:13,(anonymous_6)
FN:14,fulfilled
FN:15,rejected
FN:16,step
FN:20,(anonymous_10)
FN:21,(anonymous_11)
FN:22,(anonymous_12)
FN:23,verb
FN:23,(anonymous_14)
FN:24,step
FN:55,(anonymous_16)
FN:56,CategoriesController
FN:66,(anonymous_18)
FN:67,(anonymous_19)
FN:68,(anonymous_20)
FN:81,(anonymous_21)
FN:82,(anonymous_22)
FN:83,(anonymous_23)
FN:96,(anonymous_24)
FN:97,(anonymous_25)
FN:97,(anonymous_26)
FN:110,(anonymous_27)
FN:119,(anonymous_28)
FNF:29
FNH:0
FNDA:0,(anonymous_0)
FNDA:0,(anonymous_1)
FNDA:0,(anonymous_2)
FNDA:0,(anonymous_3)
FNDA:0,adopt
FNDA:0,(anonymous_5)
FNDA:0,(anonymous_6)
FNDA:0,fulfilled
FNDA:0,rejected
FNDA:0,step
FNDA:0,(anonymous_10)
FNDA:0,(anonymous_11)
FNDA:0,(anonymous_12)
FNDA:0,verb
FNDA:0,(anonymous_14)
FNDA:0,step
FNDA:0,(anonymous_16)
FNDA:0,CategoriesController
FNDA:0,(anonymous_18)
FNDA:0,(anonymous_19)
FNDA:0,(anonymous_20)
FNDA:0,(anonymous_21)
FNDA:0,(anonymous_22)
FNDA:0,(anonymous_23)
FNDA:0,(anonymous_24)
FNDA:0,(anonymous_25)
FNDA:0,(anonymous_26)
FNDA:0,(anonymous_27)
FNDA:0,(anonymous_28)
DA:2,0
DA:3,0
DA:4,0
DA:5,0
DA:6,0
DA:8,0
DA:9,0
DA:11,0
DA:12,0
DA:13,0
DA:14,0
DA:15,0
DA:16,0
DA:17,0
DA:20,0
DA:21,0
DA:22,0
DA:23,0
DA:25,0
DA:26,0
DA:27,0
DA:28,0
DA:29,0
DA:30,0
DA:31,0
DA:32,0
DA:33,0
DA:35,0
DA:36,0
DA:37,0
DA:38,0
DA:39,0
DA:40,0
DA:42,0
DA:43,0
DA:44,0
DA:47,0
DA:48,0
DA:49,0
DA:50,0
DA:51,0
DA:55,0
DA:57,0
DA:58,0
DA:59,0
DA:66,0
DA:67,0
DA:68,0
DA:69,0
DA:70,0
DA:71,0
DA:81,0
DA:82,0
DA:83,0
DA:84,0
DA:85,0
DA:86,0
DA:96,0
DA:97,0
DA:98,0
DA:99,0
DA:100,0
DA:110,0
DA:111,0
DA:119,0
DA:120,0
DA:122,0
DA:130,0
DA:136,0
DA:145,0
DA:152,0
DA:159,0
DA:166,0
DA:168,0
LF:74
LH:0
BRDA:2,0,0,0
BRDA:2,0,1,0
BRDA:2,0,2,0
BRDA:3,1,0,0
BRDA:3,1,1,0
BRDA:3,2,0,0
BRDA:3,2,1,0
BRDA:4,3,0,0
BRDA:4,3,1,0
BRDA:4,4,0,0
BRDA:4,4,1,0
BRDA:5,5,0,0
BRDA:5,5,1,0
BRDA:5,6,0,0
BRDA:5,6,1,0
BRDA:5,7,0,0
BRDA:5,7,1,0
BRDA:5,8,0,0
BRDA:5,8,1,0
BRDA:6,9,0,0
BRDA:6,9,1,0
BRDA:6,9,2,0
BRDA:8,10,0,0
BRDA:8,10,1,0
BRDA:8,10,2,0
BRDA:11,11,0,0
BRDA:11,11,1,0
BRDA:11,11,2,0
BRDA:12,12,0,0
BRDA:12,12,1,0
BRDA:13,13,0,0
BRDA:13,13,1,0
BRDA:16,14,0,0
BRDA:16,14,1,0
BRDA:17,15,0,0
BRDA:17,15,1,0
BRDA:20,16,0,0
BRDA:20,16,1,0
BRDA:20,16,2,0
BRDA:21,17,0,0
BRDA:21,17,1,0
BRDA:22,18,0,0
BRDA:22,18,1,0
BRDA:25,19,0,0
BRDA:25,19,1,0
BRDA:27,20,0,0
BRDA:27,20,1,0
BRDA:27,21,0,0
BRDA:27,21,1,0
BRDA:27,21,2,0
BRDA:27,22,0,0
BRDA:27,22,1,0
BRDA:27,23,0,0
BRDA:27,23,1,0
BRDA:27,24,0,0
BRDA:27,24,1,0
BRDA:27,25,0,0
BRDA:27,25,1,0
BRDA:28,26,0,0
BRDA:28,26,1,0
BRDA:29,27,0,0
BRDA:29,27,1,0
BRDA:29,27,2,0
BRDA:29,27,3,0
BRDA:29,27,4,0
BRDA:29,27,5,0
BRDA:35,28,0,0
BRDA:35,28,1,0
BRDA:35,29,0,0
BRDA:35,29,1,0
BRDA:35,29,2,0
BRDA:35,30,0,0
BRDA:35,30,1,0
BRDA:36,31,0,0
BRDA:36,31,1,0
BRDA:36,32,0,0
BRDA:36,32,1,0
BRDA:36,32,2,0
BRDA:36,32,3,0
BRDA:37,33,0,0
BRDA:37,33,1,0
BRDA:37,34,0,0
BRDA:37,34,1,0
BRDA:38,35,0,0
BRDA:38,35,1,0
BRDA:38,36,0,0
BRDA:38,36,1,0
BRDA:39,37,0,0
BRDA:39,37,1,0
BRDA:44,38,0,0
BRDA:44,38,1,0
BRDA:44,39,0,0
BRDA:44,39,1,0
BRDA:69,40,0,0
BRDA:69,40,1,0
BRDA:84,41,0,0
BRDA:84,41,1,0
BRDA:98,42,0,0
BRDA:98,42,1,0
BRF:99
BRH:0
end_of_record
TN:
SF:src\catagories\Categories.Controller.ts
FN:34,(anonymous_4)
FN:54,(anonymous_5)
FN:67,(anonymous_6)
FN:80,(anonymous_7)
FN:94,(anonymous_8)
FN:110,(anonymous_9)
FN:115,(anonymous_10)
FN:128,(anonymous_11)
FN:141,(anonymous_12)
FN:149,(anonymous_13)
FN:159,(anonymous_14)
FN:166,(anonymous_15)
FN:177,(anonymous_16)
FN:186,(anonymous_17)
FN:191,(anonymous_18)
FNF:15
FNH:0
FNDA:0,(anonymous_4)
FNDA:0,(anonymous_5)
FNDA:0,(anonymous_6)
FNDA:0,(anonymous_7)
FNDA:0,(anonymous_8)
FNDA:0,(anonymous_9)
FNDA:0,(anonymous_10)
FNDA:0,(anonymous_11)
FNDA:0,(anonymous_12)
FNDA:0,(anonymous_13)
FNDA:0,(anonymous_14)
FNDA:0,(anonymous_15)
FNDA:0,(anonymous_16)
FNDA:0,(anonymous_17)
FNDA:0,(anonymous_18)
DA:1,0
DA:2,0
DA:3,0
DA:4,0
DA:5,0
DA:6,0
DA:7,0
DA:8,0
DA:9,0
DA:10,0
DA:11,0
DA:33,0
DA:34,0
DA:39,0
DA:40,0
DA:54,0
DA:55,0
DA:56,0
DA:67,0
DA:68,0
DA:80,0
DA:81,0
DA:82,0
DA:94,0
DA:95,0
DA:110,0
DA:111,0
DA:115,0
DA:116,0
DA:128,0
DA:129,0
DA:141,0
DA:143,0
DA:149,0
DA:151,0
DA:159,0
DA:160,0
DA:166,0
DA:167,0
DA:177,0
DA:178,0
DA:186,0
DA:187,0
DA:191,0
DA:192,0
LF:45
LH:0
BRF:0
BRH:0
end_of_record
TN:
SF:src\catagories\catagories.service.js
FN:2,(anonymous_0)
FN:8,(anonymous_1)
FN:9,(anonymous_2)
FN:11,(anonymous_3)
FN:12,adopt
FN:12,(anonymous_5)
FN:13,(anonymous_6)
FN:14,fulfilled
FN:15,rejected
FN:16,step
FN:20,(anonymous_10)
FN:21,(anonymous_11)
FN:22,(anonymous_12)
FN:23,verb
FN:23,(anonymous_14)
FN:24,step
FN:56,(anonymous_16)
FN:58,CatagoriesService
FN:65,(anonymous_18)
FN:66,(anonymous_19)
FN:68,(anonymous_20)
FN:92,(anonymous_21)
FN:93,(anonymous_22)
FN:95,(anonymous_23)
FN:129,(anonymous_24)
FN:130,(anonymous_25)
FN:132,(anonymous_26)
FN:151,(anonymous_27)
FN:152,(anonymous_28)
FN:154,(anonymous_29)
FN:180,(anonymous_30)
FN:181,(anonymous_31)
FN:182,(anonymous_32)
FNF:33
FNH:0
FNDA:0,(anonymous_0)
FNDA:0,(anonymous_1)
FNDA:0,(anonymous_2)
FNDA:0,(anonymous_3)
FNDA:0,adopt
FNDA:0,(anonymous_5)
FNDA:0,(anonymous_6)
FNDA:0,fulfilled
FNDA:0,rejected
FNDA:0,step
FNDA:0,(anonymous_10)
FNDA:0,(anonymous_11)
FNDA:0,(anonymous_12)
FNDA:0,verb
FNDA:0,(anonymous_14)
FNDA:0,step
FNDA:0,(anonymous_16)
FNDA:0,CatagoriesService
FNDA:0,(anonymous_18)
FNDA:0,(anonymous_19)
FNDA:0,(anonymous_20)
FNDA:0,(anonymous_21)
FNDA:0,(anonymous_22)
FNDA:0,(anonymous_23)
FNDA:0,(anonymous_24)
FNDA:0,(anonymous_25)
FNDA:0,(anonymous_26)
FNDA:0,(anonymous_27)
FNDA:0,(anonymous_28)
FNDA:0,(anonymous_29)
FNDA:0,(anonymous_30)
FNDA:0,(anonymous_31)
FNDA:0,(anonymous_32)
DA:2,0
DA:3,0
DA:4,0
DA:5,0
DA:6,0
DA:8,0
DA:9,0
DA:11,0
DA:12,0
DA:13,0
DA:14,0
DA:15,0
DA:16,0
DA:17,0
DA:20,0
DA:21,0
DA:22,0
DA:23,0
DA:25,0
DA:26,0
DA:27,0
DA:28,0
DA:29,0
DA:30,0
DA:31,0
DA:32,0
DA:33,0
DA:35,0
DA:36,0
DA:37,0
DA:38,0
DA:39,0
DA:40,0
DA:42,0
DA:43,0
DA:44,0
DA:47,0
DA:48,0
DA:49,0
DA:50,0
DA:51,0
DA:52,0
DA:56,0
DA:59,0
DA:65,0
DA:66,0
DA:68,0
DA:69,0
DA:70,0
DA:72,0
DA:73,0
DA:77,0
DA:82,0
DA:92,0
DA:93,0
DA:95,0
DA:96,0
DA:98,0
DA:99,0
DA:101,0
DA:102,0
DA:104,0
DA:105,0
DA:106,0
DA:107,0
DA:112,0
DA:113,0
DA:116,0
DA:118,0
DA:119,0
DA:129,0
DA:130,0
DA:132,0
DA:133,0
DA:134,0
DA:136,0
DA:137,0
DA:138,0
DA:140,0
DA:151,0
DA:152,0
DA:154,0
DA:155,0
DA:156,0
DA:160,0
DA:161,0
DA:162,0
DA:164,0
DA:166,0
DA:167,0
DA:170,0
DA:180,0
DA:181,0
DA:182,0
DA:183,0
DA:184,0
DA:185,0
DA:190,0
DA:194,0
DA:196,0
LF:100
LH:0
BRDA:2,0,0,0
BRDA:2,0,1,0
BRDA:2,0,2,0
BRDA:3,1,0,0
BRDA:3,1,1,0
BRDA:3,2,0,0
BRDA:3,2,1,0
BRDA:4,3,0,0
BRDA:4,3,1,0
BRDA:4,4,0,0
BRDA:4,4,1,0
BRDA:5,5,0,0
BRDA:5,5,1,0
BRDA:5,6,0,0
BRDA:5,6,1,0
BRDA:5,7,0,0
BRDA:5,7,1,0
BRDA:5,8,0,0
BRDA:5,8,1,0
BRDA:6,9,0,0
BRDA:6,9,1,0
BRDA:6,9,2,0
BRDA:8,10,0,0
BRDA:8,10,1,0
BRDA:8,10,2,0
BRDA:11,11,0,0
BRDA:11,11,1,0
BRDA:11,11,2,0
BRDA:12,12,0,0
BRDA:12,12,1,0
BRDA:13,13,0,0
BRDA:13,13,1,0
BRDA:16,14,0,0
BRDA:16,14,1,0
BRDA:17,15,0,0
BRDA:17,15,1,0
BRDA:20,16,0,0
BRDA:20,16,1,0
BRDA:20,16,2,0
BRDA:21,17,0,0
BRDA:21,17,1,0
BRDA:22,18,0,0
BRDA:22,18,1,0
BRDA:25,19,0,0
BRDA:25,19,1,0
BRDA:27,20,0,0
BRDA:27,20,1,0
BRDA:27,21,0,0
BRDA:27,21,1,0
BRDA:27,21,2,0
BRDA:27,22,0,0
BRDA:27,22,1,0
BRDA:27,23,0,0
BRDA:27,23,1,0
BRDA:27,24,0,0
BRDA:27,24,1,0
BRDA:27,25,0,0
BRDA:27,25,1,0
BRDA:28,26,0,0
BRDA:28,26,1,0
BRDA:29,27,0,0
BRDA:29,27,1,0
BRDA:29,27,2,0
BRDA:29,27,3,0
BRDA:29,27,4,0
BRDA:29,27,5,0
BRDA:35,28,0,0
BRDA:35,28,1,0
BRDA:35,29,0,0
BRDA:35,29,1,0
BRDA:35,29,2,0
BRDA:35,30,0,0
BRDA:35,30,1,0
BRDA:36,31,0,0
BRDA:36,31,1,0
BRDA:36,32,0,0
BRDA:36,32,1,0
BRDA:36,32,2,0
BRDA:36,32,3,0
BRDA:37,33,0,0
BRDA:37,33,1,0
BRDA:37,34,0,0
BRDA:37,34,1,0
BRDA:38,35,0,0
BRDA:38,35,1,0
BRDA:38,36,0,0
BRDA:38,36,1,0
BRDA:39,37,0,0
BRDA:39,37,1,0
BRDA:44,38,0,0
BRDA:44,38,1,0
BRDA:44,39,0,0
BRDA:44,39,1,0
BRDA:69,40,0,0
BRDA:69,40,1,0
BRDA:73,41,0,0
BRDA:73,41,1,0
BRDA:96,42,0,0
BRDA:96,42,1,0
BRDA:96,42,2,0
BRDA:96,42,3,0
BRDA:106,43,0,0
BRDA:106,43,1,0
BRDA:112,44,0,0
BRDA:112,44,1,0
BRDA:133,45,0,0
BRDA:133,45,1,0
BRDA:137,46,0,0
BRDA:137,46,1,0
BRDA:155,47,0,0
BRDA:155,47,1,0
BRDA:155,47,2,0
BRDA:155,47,3,0
BRDA:161,48,0,0
BRDA:161,48,1,0
BRDA:183,49,0,0
BRDA:183,49,1,0
BRF:117
BRH:0
end_of_record
TN:
SF:src\catagories\catagories.service.ts
FN:42,(anonymous_5)
FN:54,(anonymous_6)
FN:55,(anonymous_7)
FN:56,(anonymous_8)
FN:87,(anonymous_9)
FN:116,(anonymous_10)
FN:131,(anonymous_11)
FN:152,(anonymous_12)
FN:172,(anonymous_13)
FN:183,(anonymous_14)
FN:200,(anonymous_15)
FN:208,(anonymous_16)
FN:228,(anonymous_17)
FN:243,(anonymous_18)
FN:267,(anonymous_19)
FN:276,(anonymous_20)
FN:298,(anonymous_21)
FNF:17
FNH:0
FNDA:0,(anonymous_5)
FNDA:0,(anonymous_6)
FNDA:0,(anonymous_7)
FNDA:0,(anonymous_8)
FNDA:0,(anonymous_9)
FNDA:0,(anonymous_10)
FNDA:0,(anonymous_11)
FNDA:0,(anonymous_12)
FNDA:0,(anonymous_13)
FNDA:0,(anonymous_14)
FNDA:0,(anonymous_15)
FNDA:0,(anonymous_16)
FNDA:0,(anonymous_17)
FNDA:0,(anonymous_18)
FNDA:0,(anonymous_19)
FNDA:0,(anonymous_20)
FNDA:0,(anonymous_21)
DA:1,0
DA:3,0
DA:4,0
DA:7,0
DA:9,0
DA:11,0
DA:13,0
DA:20,0
DA:21,0
DA:28,0
DA:29,0
DA:30,0
DA:31,0
DA:36,0
DA:46,0
DA:47,0
DA:48,0
DA:49,0
DA:50,0
DA:52,0
DA:54,0
DA:55,0
DA:56,0
DA:57,0
DA:59,0
DA:63,0
DA:65,0
DA:66,0
DA:67,0
DA:73,0
DA:75,0
DA:76,0
DA:78,0
DA:89,0
DA:91,0
DA:92,0
DA:93,0
DA:96,0
DA:97,0
DA:98,0
DA:102,0
DA:103,0
DA:106,0
DA:118,0
DA:119,0
DA:120,0
DA:121,0
DA:123,0
DA:132,0
DA:135,0
DA:137,0
DA:140,0
DA:141,0
DA:153,0
DA:155,0
DA:156,0
DA:158,0
DA:159,0
DA:173,0
DA:175,0
DA:176,0
DA:179,0
DA:184,0
DA:185,0
DA:187,0
DA:188,0
DA:191,0
DA:193,0
DA:194,0
DA:201,0
DA:209,0
DA:212,0
DA:213,0
DA:216,0
DA:217,0
DA:218,0
DA:221,0
DA:229,0
DA:232,0
DA:233,0
DA:236,0
DA:237,0
DA:239,0
DA:244,0
DA:247,0
DA:248,0
DA:251,0
DA:252,0
DA:253,0
DA:256,0
DA:268,0
DA:269,0
DA:270,0
DA:272,0
DA:277,0
DA:280,0
DA:281,0
DA:284,0
DA:285,0
DA:286,0
DA:289,0
DA:300,0
DA:304,0
DA:305,0
DA:308,0
DA:310,0
LF:106
LH:0
BRDA:49,0,0,0
BRDA:49,0,1,0
BRDA:59,1,0,0
BRDA:59,1,1,0
BRDA:97,2,0,0
BRDA:97,2,1,0
BRDA:102,3,0,0
BRDA:102,3,1,0
BRDA:120,4,0,0
BRDA:135,5,0,0
BRDA:155,6,0,0
BRDA:155,6,1,0
BRDA:158,7,0,0
BRDA:175,8,0,0
BRDA:175,8,1,0
BRDA:184,9,0,0
BRDA:184,9,1,0
BRDA:184,10,0,0
BRDA:184,10,1,0
BRDA:187,11,0,0
BRDA:187,11,1,0
BRDA:212,12,0,0
BRDA:217,13,0,0
BRDA:217,13,1,0
BRDA:232,14,0,0
BRDA:247,15,0,0
BRDA:252,16,0,0
BRDA:252,16,1,0
BRDA:269,17,0,0
BRDA:269,17,1,0
BRDA:280,18,0,0
BRDA:285,19,0,0
BRDA:285,19,1,0
BRDA:304,20,0,0
BRDA:304,20,1,0
BRF:35
BRH:0
end_of_record
TN:
SF:src\catagories\categories.module.js
FN:2,(anonymous_0)
FN:16,(anonymous_1)
FN:17,categoriesModule
FN:32,(anonymous_3)
FNF:4
FNH:0
FNDA:0,(anonymous_0)
FNDA:0,(anonymous_1)
FNDA:0,categoriesModule
FNDA:0,(anonymous_3)
DA:2,0
DA:3,0
DA:4,0
DA:5,0
DA:6,0
DA:8,0
DA:9,0
DA:10,0
DA:11,0
DA:12,0
DA:13,0
DA:14,0
DA:15,0
DA:16,0
DA:19,0
DA:33,0
DA:34,0
DA:35,0
DA:37,0
DA:62,0
DA:64,0
LF:21
LH:0
BRDA:2,0,0,0
BRDA:2,0,1,0
BRDA:2,0,2,0
BRDA:3,1,0,0
BRDA:3,1,1,0
BRDA:3,2,0,0
BRDA:3,2,1,0
BRDA:4,3,0,0
BRDA:4,3,1,0
BRDA:4,4,0,0
BRDA:4,4,1,0
BRDA:5,5,0,0
BRDA:5,5,1,0
BRDA:5,6,0,0
BRDA:5,6,1,0
BRDA:5,7,0,0
BRDA:5,7,1,0
BRDA:5,8,0,0
BRDA:5,8,1,0
BRDA:6,9,0,0
BRDA:6,9,1,0
BRDA:6,9,2,0
BRF:22
BRH:0
end_of_record
TN:
SF:src\catagories\categories.module.ts
FN:64,(anonymous_1)
FN:28,(anonymous_2)
FNF:2
FNH:0
FNDA:0,(anonymous_1)
FNDA:0,(anonymous_2)
DA:1,0
DA:2,0
DA:3,0
DA:4,0
DA:5,0
DA:6,0
DA:7,0
DA:8,0
DA:9,0
DA:10,0
DA:29,0
DA:30,0
DA:31,0
DA:33,0
DA:63,0
DA:66,0
LF:16
LH:0
BRF:0
BRH:0
end_of_record
TN:
SF:src\catagories\categories.repository.ts
FN:6,(anonymous_2)
FN:9,(anonymous_3)
FNF:2
FNH:0
FNDA:0,(anonymous_2)
FNDA:0,(anonymous_3)
DA:1,0
DA:2,0
DA:3,0
DA:5,0
DA:6,0
DA:7,0
DA:12,0
LF:7
LH:0
BRF:0
BRH:0
end_of_record
TN:
SF:src\catagories\category.constant.ts
FNF:0
FNH:0
DA:2,0
LF:1
LH:0
BRF:0
BRH:0
end_of_record
TN:
SF:src\catagories\category.entity.js
FN:2,(anonymous_0)
FN:11,(anonymous_1)
FN:12,Category
FNF:3
FNH:0
FNDA:0,(anonymous_0)
FNDA:0,(anonymous_1)
FNDA:0,Category
DA:2,0
DA:3,0
DA:4,0
DA:5,0
DA:6,0
DA:8,0
DA:9,0
DA:10,0
DA:11,0
DA:14,0
DA:17,0
DA:20,0
DA:23,0
DA:26,0
DA:29,0
DA:32,0
DA:35,0
DA:37,0
LF:18
LH:0
BRDA:2,0,0,0
BRDA:2,0,1,0
BRDA:2,0,2,0
BRDA:3,1,0,0
BRDA:3,1,1,0
BRDA:3,2,0,0
BRDA:3,2,1,0
BRDA:4,3,0,0
BRDA:4,3,1,0
BRDA:4,4,0,0
BRDA:4,4,1,0
BRDA:5,5,0,0
BRDA:5,5,1,0
BRDA:5,6,0,0
BRDA:5,6,1,0
BRDA:5,7,0,0
BRDA:5,7,1,0
BRDA:5,8,0,0
BRDA:5,8,1,0
BRDA:6,9,0,0
BRDA:6,9,1,0
BRDA:6,9,2,0
BRF:22
BRH:0
end_of_record
TN:
SF:src\catagories\category.entity.ts
FN:20,(anonymous_2)
FN:20,(anonymous_3)
FNF:2
FNH:0
FNDA:0,(anonymous_2)
FNDA:0,(anonymous_3)
DA:1,0
DA:2,0
DA:5,0
DA:8,0
DA:10,0
DA:12,0
DA:14,0
DA:16,0
DA:18,0
DA:20,0
DA:23,0
LF:11
LH:0
BRF:0
BRH:0
end_of_record
TN:
SF:src\catagories\dto\category.dto.js
FN:2,(anonymous_0)
FN:11,(anonymous_1)
FN:12,CategoryDTO
FNF:3
FNH:0
FNDA:0,(anonymous_0)
FNDA:0,(anonymous_1)
FNDA:0,CategoryDTO
DA:2,0
DA:3,0
DA:4,0
DA:5,0
DA:6,0
DA:8,0
DA:9,0
DA:10,0
DA:11,0
DA:14,0
DA:17,0
DA:23,0
DA:25,0
LF:13
LH:0
BRDA:2,0,0,0
BRDA:2,0,1,0
BRDA:2,0,2,0
BRDA:3,1,0,0
BRDA:3,1,1,0
BRDA:3,2,0,0
BRDA:3,2,1,0
BRDA:4,3,0,0
BRDA:4,3,1,0
BRDA:4,4,0,0
BRDA:4,4,1,0
BRDA:5,5,0,0
BRDA:5,5,1,0
BRDA:5,6,0,0
BRDA:5,6,1,0
BRDA:5,7,0,0
BRDA:5,7,1,0
BRDA:5,8,0,0
BRDA:5,8,1,0
BRDA:6,9,0,0
BRDA:6,9,1,0
BRDA:6,9,2,0
BRF:22
BRH:0
end_of_record
TN:
SF:src\catagories\dto\category.dto.ts
FNF:0
FNH:0
DA:1,0
DA:2,0
DA:5,0
DA:8,0
DA:21,0
DA:26,0
DA:29,0
LF:7
LH:0
BRF:0
BRH:0
end_of_record
TN:
SF:src\common\exception.filter.js
FN:2,(anonymous_0)
FN:11,(anonymous_1)
FN:12,HttpExceptionFilter
FN:14,(anonymous_3)
FNF:4
FNH:0
FNDA:0,(anonymous_0)
FNDA:0,(anonymous_1)
FNDA:0,HttpExceptionFilter
FNDA:0,(anonymous_3)
DA:2,0
DA:3,0
DA:4,0
DA:5,0
DA:6,0
DA:8,0
DA:9,0
DA:10,0
DA:11,0
DA:14,0
DA:15,0
DA:16,0
DA:17,0
DA:18,0
DA:19,0
DA:26,0
DA:29,0
DA:31,0
LF:18
LH:0
BRDA:2,0,0,0
BRDA:2,0,1,0
BRDA:2,0,2,0
BRDA:3,1,0,0
BRDA:3,1,1,0
BRDA:3,2,0,0
BRDA:3,2,1,0
BRDA:4,3,0,0
BRDA:4,3,1,0
BRDA:4,4,0,0
BRDA:4,4,1,0
BRDA:5,5,0,0
BRDA:5,5,1,0
BRDA:5,6,0,0
BRDA:5,6,1,0
BRDA:5,7,0,0
BRDA:5,7,1,0
BRDA:5,8,0,0
BRDA:5,8,1,0
BRDA:6,9,0,0
BRDA:6,9,1,0
BRDA:6,9,2,0
BRF:22
BRH:0
end_of_record
TN:
SF:src\common\exception.filter.ts
FN:8,(anonymous_1)
FNF:1
FNH:0
FNDA:0,(anonymous_1)
DA:1,0
DA:6,0
DA:9,0
DA:10,0
DA:11,0
DA:12,0
DA:13,0
DA:15,0
LF:8
LH:0
BRDA:20,0,0,0
BRDA:20,0,1,0
BRDA:20,1,0,0
BRDA:20,1,1,0
BRF:4
BRH:0
end_of_record
TN:
SF:src\common\notnull.exception.js
FN:2,(anonymous_0)
FN:3,(anonymous_1)
FN:5,(anonymous_2)
FN:6,(anonymous_3)
FN:9,(anonymous_4)
FN:13,__
FN:20,(anonymous_6)
FN:22,NotNullException
FNF:8
FNH:0
FNDA:0,(anonymous_0)
FNDA:0,(anonymous_1)
FNDA:0,(anonymous_2)
FNDA:0,(anonymous_3)
FNDA:0,(anonymous_4)
FNDA:0,__
FNDA:0,(anonymous_6)
FNDA:0,NotNullException
DA:2,0
DA:3,0
DA:4,0
DA:5,0
DA:6,0
DA:7,0
DA:9,0
DA:10,0
DA:11,0
DA:12,0
DA:13,0
DA:14,0
DA:17,0
DA:18,0
DA:19,0
DA:20,0
DA:21,0
DA:23,0
DA:25,0
DA:27,0
LF:20
LH:0
BRDA:2,0,0,0
BRDA:2,0,1,0
BRDA:2,0,2,0
BRDA:4,1,0,0
BRDA:4,1,1,0
BRDA:4,1,2,0
BRDA:4,1,3,0
BRDA:6,2,0,0
BRDA:6,2,1,0
BRDA:10,3,0,0
BRDA:10,3,1,0
BRDA:10,4,0,0
BRDA:10,4,1,0
BRDA:14,5,0,0
BRDA:14,5,1,0
BRDA:23,6,0,0
BRDA:23,6,1,0
BRF:17
BRH:0
end_of_record
TN:
SF:src\common\notnull.exception.ts
FN:9,(anonymous_0)
FNF:1
FNH:0
FNDA:0,(anonymous_0)
DA:1,0
DA:5,0
DA:10,0
LF:3
LH:0
BRF:0
BRH:0
end_of_record
TN:
SF:src\common\Interceptor\response-Interceptor.interceptor.ts
FN:9,(anonymous_1)
FN:12,(anonymous_2)
FNF:2
FNH:0
FNDA:0,(anonymous_1)
FNDA:0,(anonymous_2)
DA:2,0
DA:4,0
DA:8,0
DA:11,0
DA:12,0
DA:15,0
DA:23,0
LF:7
LH:0
BRF:0
BRH:0
end_of_record
TN:
SF:src\common\middleware\logger-middleware.middleware.ts
FN:6,(anonymous_1)
FNF:1
FNH:0
FNDA:0,(anonymous_1)
DA:1,0
DA:5,0
DA:7,0
DA:8,0
DA:9,0
LF:5
LH:0
BRF:0
BRH:0
end_of_record
TN:
SF:src\mail\mail.Module.ts
FNF:0
FNH:0
DA:1,0
DA:2,0
DA:10,0
LF:3
LH:0
BRF:0
BRH:0
end_of_record
TN:
SF:src\mail\mail.service.ts
FN:4,(anonymous_1)
FN:13,(anonymous_2)
FN:16,(anonymous_3)
FNF:3
FNH:0
FNDA:0,(anonymous_1)
FNDA:0,(anonymous_2)
FNDA:0,(anonymous_3)
DA:1,0
DA:4,0
DA:5,0
DA:14,0
DA:18,0
LF:5
LH:0
BRF:0
BRH:0
end_of_record
TN:
SF:src\products\product.entity.js
FN:2,(anonymous_0)
FN:12,(anonymous_1)
FN:13,Product
FNF:3
FNH:0
FNDA:0,(anonymous_0)
FNDA:0,(anonymous_1)
FNDA:0,Product
DA:2,0
DA:3,0
DA:4,0
DA:5,0
DA:6,0
DA:8,0
DA:9,0
DA:10,0
DA:12,0
DA:15,0
DA:18,0
DA:21,0
DA:24,0
DA:27,0
DA:30,0
DA:33,0
DA:36,0
DA:39,0
DA:41,0
LF:19
LH:0
BRDA:2,0,0,0
BRDA:2,0,1,0
BRDA:2,0,2,0
BRDA:3,1,0,0
BRDA:3,1,1,0
BRDA:3,2,0,0
BRDA:3,2,1,0
BRDA:4,3,0,0
BRDA:4,3,1,0
BRDA:4,4,0,0
BRDA:4,4,1,0
BRDA:5,5,0,0
BRDA:5,5,1,0
BRDA:5,6,0,0
BRDA:5,6,1,0
BRDA:5,7,0,0
BRDA:5,7,1,0
BRDA:5,8,0,0
BRDA:5,8,1,0
BRDA:6,9,0,0
BRDA:6,9,1,0
BRDA:6,9,2,0
BRF:22
BRH:0
end_of_record
TN:
SF:src\products\product.entity.ts
FN:29,(anonymous_2)
FN:29,(anonymous_3)
FNF:2
FNH:0
FNDA:0,(anonymous_2)
FNDA:0,(anonymous_3)
DA:2,0
DA:3,0
DA:9,0
DA:12,0
DA:14,0
DA:17,0
DA:19,0
DA:22,0
DA:24,0
DA:26,0
DA:28,0
DA:29,0
DA:30,0
LF:13
LH:0
BRF:0
BRH:0
end_of_record
TN:
SF:src\products\product.repository.ts
FN:6,(anonymous_2)
FNF:1
FNH:0
FNDA:0,(anonymous_2)
DA:1,0
DA:2,0
DA:3,0
DA:5,0
DA:6,0
DA:7,0
LF:6
LH:0
BRF:0
BRH:0
end_of_record
TN:
SF:src\products\products.controller.js
FN:2,(anonymous_0)
FN:8,(anonymous_1)
FN:9,(anonymous_2)
FN:11,(anonymous_3)
FN:12,adopt
FN:12,(anonymous_5)
FN:13,(anonymous_6)
FN:14,fulfilled
FN:15,rejected
FN:16,step
FN:20,(anonymous_10)
FN:21,(anonymous_11)
FN:22,(anonymous_12)
FN:23,verb
FN:23,(anonymous_14)
FN:24,step
FN:51,(anonymous_16)
FN:52,ProductsController
FN:55,(anonymous_18)
FN:56,(anonymous_19)
FN:57,(anonymous_20)
FN:65,(anonymous_21)
FN:66,(anonymous_22)
FN:67,(anonymous_23)
FN:75,(anonymous_24)
FN:76,(anonymous_25)
FN:76,(anonymous_26)
FN:83,(anonymous_27)
FN:86,(anonymous_28)
FNF:29
FNH:0
FNDA:0,(anonymous_0)
FNDA:0,(anonymous_1)
FNDA:0,(anonymous_2)
FNDA:0,(anonymous_3)
FNDA:0,adopt
FNDA:0,(anonymous_5)
FNDA:0,(anonymous_6)
FNDA:0,fulfilled
FNDA:0,rejected
FNDA:0,step
FNDA:0,(anonymous_10)
FNDA:0,(anonymous_11)
FNDA:0,(anonymous_12)
FNDA:0,verb
FNDA:0,(anonymous_14)
FNDA:0,step
FNDA:0,(anonymous_16)
FNDA:0,ProductsController
FNDA:0,(anonymous_18)
FNDA:0,(anonymous_19)
FNDA:0,(anonymous_20)
FNDA:0,(anonymous_21)
FNDA:0,(anonymous_22)
FNDA:0,(anonymous_23)
FNDA:0,(anonymous_24)
FNDA:0,(anonymous_25)
FNDA:0,(anonymous_26)
FNDA:0,(anonymous_27)
FNDA:0,(anonymous_28)
DA:2,0
DA:3,0
DA:4,0
DA:5,0
DA:6,0
DA:8,0
DA:9,0
DA:11,0
DA:12,0
DA:13,0
DA:14,0
DA:15,0
DA:16,0
DA:17,0
DA:20,0
DA:21,0
DA:22,0
DA:23,0
DA:25,0
DA:26,0
DA:27,0
DA:28,0
DA:29,0
DA:30,0
DA:31,0
DA:32,0
DA:33,0
DA:35,0
DA:36,0
DA:37,0
DA:38,0
DA:39,0
DA:40,0
DA:42,0
DA:43,0
DA:44,0
DA:47,0
DA:48,0
DA:49,0
DA:50,0
DA:51,0
DA:53,0
DA:55,0
DA:56,0
DA:57,0
DA:58,0
DA:59,0
DA:60,0
DA:65,0
DA:66,0
DA:67,0
DA:68,0
DA:69,0
DA:70,0
DA:75,0
DA:76,0
DA:77,0
DA:78,0
DA:79,0
DA:83,0
DA:84,0
DA:86,0
DA:87,0
DA:89,0
DA:94,0
DA:100,0
DA:106,0
DA:113,0
DA:120,0
DA:124,0
DA:126,0
LF:71
LH:0
BRDA:2,0,0,0
BRDA:2,0,1,0
BRDA:2,0,2,0
BRDA:3,1,0,0
BRDA:3,1,1,0
BRDA:3,2,0,0
BRDA:3,2,1,0
BRDA:4,3,0,0
BRDA:4,3,1,0
BRDA:4,4,0,0
BRDA:4,4,1,0
BRDA:5,5,0,0
BRDA:5,5,1,0
BRDA:5,6,0,0
BRDA:5,6,1,0
BRDA:5,7,0,0
BRDA:5,7,1,0
BRDA:5,8,0,0
BRDA:5,8,1,0
BRDA:6,9,0,0
BRDA:6,9,1,0
BRDA:6,9,2,0
BRDA:8,10,0,0
BRDA:8,10,1,0
BRDA:8,10,2,0
BRDA:11,11,0,0
BRDA:11,11,1,0
BRDA:11,11,2,0
BRDA:12,12,0,0
BRDA:12,12,1,0
BRDA:13,13,0,0
BRDA:13,13,1,0
BRDA:16,14,0,0
BRDA:16,14,1,0
BRDA:17,15,0,0
BRDA:17,15,1,0
BRDA:20,16,0,0
BRDA:20,16,1,0
BRDA:20,16,2,0
BRDA:21,17,0,0
BRDA:21,17,1,0
BRDA:22,18,0,0
BRDA:22,18,1,0
BRDA:25,19,0,0
BRDA:25,19,1,0
BRDA:27,20,0,0
BRDA:27,20,1,0
BRDA:27,21,0,0
BRDA:27,21,1,0
BRDA:27,21,2,0
BRDA:27,22,0,0
BRDA:27,22,1,0
BRDA:27,23,0,0
BRDA:27,23,1,0
BRDA:27,24,0,0
BRDA:27,24,1,0
BRDA:27,25,0,0
BRDA:27,25,1,0
BRDA:28,26,0,0
BRDA:28,26,1,0
BRDA:29,27,0,0
BRDA:29,27,1,0
BRDA:29,27,2,0
BRDA:29,27,3,0
BRDA:29,27,4,0
BRDA:29,27,5,0
BRDA:35,28,0,0
BRDA:35,28,1,0
BRDA:35,29,0,0
BRDA:35,29,1,0
BRDA:35,29,2,0
BRDA:35,30,0,0
BRDA:35,30,1,0
BRDA:36,31,0,0
BRDA:36,31,1,0
BRDA:36,32,0,0
BRDA:36,32,1,0
BRDA:36,32,2,0
BRDA:36,32,3,0
BRDA:37,33,0,0
BRDA:37,33,1,0
BRDA:37,34,0,0
BRDA:37,34,1,0
BRDA:38,35,0,0
BRDA:38,35,1,0
BRDA:38,36,0,0
BRDA:38,36,1,0
BRDA:39,37,0,0
BRDA:39,37,1,0
BRDA:44,38,0,0
BRDA:44,38,1,0
BRDA:44,39,0,0
BRDA:44,39,1,0
BRDA:58,40,0,0
BRDA:58,40,1,0
BRDA:68,41,0,0
BRDA:68,41,1,0
BRDA:77,42,0,0
BRDA:77,42,1,0
BRF:99
BRH:0
end_of_record
TN:
SF:src\products\products.controller.ts
FN:17,(anonymous_4)
FN:30,(anonymous_5)
FN:42,(anonymous_6)
FN:55,(anonymous_7)
FN:70,(anonymous_8)
FN:85,(anonymous_9)
FN:94,(anonymous_10)
FN:104,(anonymous_11)
FNF:8
FNH:0
FNDA:0,(anonymous_4)
FNDA:0,(anonymous_5)
FNDA:0,(anonymous_6)
FNDA:0,(anonymous_7)
FNDA:0,(anonymous_8)
FNDA:0,(anonymous_9)
FNDA:0,(anonymous_10)
FNDA:0,(anonymous_11)
DA:1,0
DA:2,0
DA:4,0
DA:5,0
DA:6,0
DA:16,0
DA:17,0
DA:30,0
DA:31,0
DA:32,0
DA:42,0
DA:43,0
DA:55,0
DA:56,0
DA:57,0
DA:70,0
DA:71,0
DA:85,0
DA:86,0
DA:94,0
DA:95,0
DA:104,0
DA:105,0
LF:23
LH:0
BRF:0
BRH:0
end_of_record
TN:
SF:src\products\products.module.js
FN:2,(anonymous_0)
FN:15,(anonymous_1)
FN:16,ProductsModule
FNF:3
FNH:0
FNDA:0,(anonymous_0)
FNDA:0,(anonymous_1)
FNDA:0,ProductsModule
DA:2,0
DA:3,0
DA:4,0
DA:5,0
DA:6,0
DA:8,0
DA:9,0
DA:10,0
DA:11,0
DA:12,0
DA:13,0
DA:14,0
DA:15,0
DA:18,0
DA:26,0
DA:28,0
LF:16
LH:0
BRDA:2,0,0,0
BRDA:2,0,1,0
BRDA:2,0,2,0
BRDA:3,1,0,0
BRDA:3,1,1,0
BRDA:3,2,0,0
BRDA:3,2,1,0
BRDA:4,3,0,0
BRDA:4,3,1,0
BRDA:4,4,0,0
BRDA:4,4,1,0
BRDA:5,5,0,0
BRDA:5,5,1,0
BRDA:5,6,0,0
BRDA:5,6,1,0
BRDA:5,7,0,0
BRDA:5,7,1,0
BRDA:5,8,0,0
BRDA:5,8,1,0
BRDA:6,9,0,0
BRDA:6,9,1,0
BRDA:6,9,2,0
BRF:22
BRH:0
end_of_record
TN:
SF:src\products\products.module.ts
FNF:0
FNH:0
DA:1,0
DA:2,0
DA:3,0
DA:4,0
DA:5,0
DA:6,0
DA:21,0
LF:7
LH:0
BRF:0
BRH:0
end_of_record
TN:
SF:src\products\products.service.js
FN:2,(anonymous_0)
FN:8,(anonymous_1)
FN:9,(anonymous_2)
FN:11,(anonymous_3)
FN:12,adopt
FN:12,(anonymous_5)
FN:13,(anonymous_6)
FN:14,fulfilled
FN:15,rejected
FN:16,step
FN:20,(anonymous_10)
FN:21,(anonymous_11)
FN:22,(anonymous_12)
FN:23,verb
FN:23,(anonymous_14)
FN:24,step
FN:53,(anonymous_16)
FN:54,ProductsService
FN:57,(anonymous_18)
FN:58,(anonymous_19)
FN:59,(anonymous_20)
FN:69,(anonymous_21)
FN:70,(anonymous_22)
FN:71,(anonymous_23)
FN:79,(anonymous_24)
FN:80,(anonymous_25)
FN:81,(anonymous_26)
FN:89,(anonymous_27)
FN:90,(anonymous_28)
FN:92,(anonymous_29)
FN:113,(anonymous_30)
FN:114,(anonymous_31)
FN:115,(anonymous_32)
FNF:33
FNH:0
FNDA:0,(anonymous_0)
FNDA:0,(anonymous_1)
FNDA:0,(anonymous_2)
FNDA:0,(anonymous_3)
FNDA:0,adopt
FNDA:0,(anonymous_5)
FNDA:0,(anonymous_6)
FNDA:0,fulfilled
FNDA:0,rejected
FNDA:0,step
FNDA:0,(anonymous_10)
FNDA:0,(anonymous_11)
FNDA:0,(anonymous_12)
FNDA:0,verb
FNDA:0,(anonymous_14)
FNDA:0,step
FNDA:0,(anonymous_16)
FNDA:0,ProductsService
FNDA:0,(anonymous_18)
FNDA:0,(anonymous_19)
FNDA:0,(anonymous_20)
FNDA:0,(anonymous_21)
FNDA:0,(anonymous_22)
FNDA:0,(anonymous_23)
FNDA:0,(anonymous_24)
FNDA:0,(anonymous_25)
FNDA:0,(anonymous_26)
FNDA:0,(anonymous_27)
FNDA:0,(anonymous_28)
FNDA:0,(anonymous_29)
FNDA:0,(anonymous_30)
FNDA:0,(anonymous_31)
FNDA:0,(anonymous_32)
DA:2,0
DA:3,0
DA:4,0
DA:5,0
DA:6,0
DA:8,0
DA:9,0
DA:11,0
DA:12,0
DA:13,0
DA:14,0
DA:15,0
DA:16,0
DA:17,0
DA:20,0
DA:21,0
DA:22,0
DA:23,0
DA:25,0
DA:26,0
DA:27,0
DA:28,0
DA:29,0
DA:30,0
DA:31,0
DA:32,0
DA:33,0
DA:35,0
DA:36,0
DA:37,0
DA:38,0
DA:39,0
DA:40,0
DA:42,0
DA:43,0
DA:44,0
DA:47,0
DA:48,0
DA:49,0
DA:50,0
DA:51,0
DA:52,0
DA:53,0
DA:55,0
DA:57,0
DA:58,0
DA:59,0
DA:60,0
DA:61,0
DA:64,0
DA:69,0
DA:70,0
DA:71,0
DA:72,0
DA:73,0
DA:74,0
DA:79,0
DA:80,0
DA:81,0
DA:82,0
DA:83,0
DA:84,0
DA:89,0
DA:90,0
DA:92,0
DA:93,0
DA:94,0
DA:98,0
DA:99,0
DA:100,0
DA:102,0
DA:104,0
DA:105,0
DA:108,0
DA:113,0
DA:114,0
DA:115,0
DA:116,0
DA:117,0
DA:118,0
DA:123,0
DA:127,0
DA:129,0
LF:83
LH:0
BRDA:2,0,0,0
BRDA:2,0,1,0
BRDA:2,0,2,0
BRDA:3,1,0,0
BRDA:3,1,1,0
BRDA:3,2,0,0
BRDA:3,2,1,0
BRDA:4,3,0,0
BRDA:4,3,1,0
BRDA:4,4,0,0
BRDA:4,4,1,0
BRDA:5,5,0,0
BRDA:5,5,1,0
BRDA:5,6,0,0
BRDA:5,6,1,0
BRDA:5,7,0,0
BRDA:5,7,1,0
BRDA:5,8,0,0
BRDA:5,8,1,0
BRDA:6,9,0,0
BRDA:6,9,1,0
BRDA:6,9,2,0
BRDA:8,10,0,0
BRDA:8,10,1,0
BRDA:8,10,2,0
BRDA:11,11,0,0
BRDA:11,11,1,0
BRDA:11,11,2,0
BRDA:12,12,0,0
BRDA:12,12,1,0
BRDA:13,13,0,0
BRDA:13,13,1,0
BRDA:16,14,0,0
BRDA:16,14,1,0
BRDA:17,15,0,0
BRDA:17,15,1,0
BRDA:20,16,0,0
BRDA:20,16,1,0
BRDA:20,16,2,0
BRDA:21,17,0,0
BRDA:21,17,1,0
BRDA:22,18,0,0
BRDA:22,18,1,0
BRDA:25,19,0,0
BRDA:25,19,1,0
BRDA:27,20,0,0
BRDA:27,20,1,0
BRDA:27,21,0,0
BRDA:27,21,1,0
BRDA:27,21,2,0
BRDA:27,22,0,0
BRDA:27,22,1,0
BRDA:27,23,0,0
BRDA:27,23,1,0
BRDA:27,24,0,0
BRDA:27,24,1,0
BRDA:27,25,0,0
BRDA:27,25,1,0
BRDA:28,26,0,0
BRDA:28,26,1,0
BRDA:29,27,0,0
BRDA:29,27,1,0
BRDA:29,27,2,0
BRDA:29,27,3,0
BRDA:29,27,4,0
BRDA:29,27,5,0
BRDA:35,28,0,0
BRDA:35,28,1,0
BRDA:35,29,0,0
BRDA:35,29,1,0
BRDA:35,29,2,0
BRDA:35,30,0,0
BRDA:35,30,1,0
BRDA:36,31,0,0
BRDA:36,31,1,0
BRDA:36,32,0,0
BRDA:36,32,1,0
BRDA:36,32,2,0
BRDA:36,32,3,0
BRDA:37,33,0,0
BRDA:37,33,1,0
BRDA:37,34,0,0
BRDA:37,34,1,0
BRDA:38,35,0,0
BRDA:38,35,1,0
BRDA:38,36,0,0
BRDA:38,36,1,0
BRDA:39,37,0,0
BRDA:39,37,1,0
BRDA:44,38,0,0
BRDA:44,38,1,0
BRDA:44,39,0,0
BRDA:44,39,1,0
BRDA:60,40,0,0
BRDA:60,40,1,0
BRDA:72,41,0,0
BRDA:72,41,1,0
BRDA:82,42,0,0
BRDA:82,42,1,0
BRDA:93,43,0,0
BRDA:93,43,1,0
BRDA:93,43,2,0
BRDA:93,43,3,0
BRDA:99,44,0,0
BRDA:99,44,1,0
BRDA:116,45,0,0
BRDA:116,45,1,0
BRF:107
BRH:0
end_of_record
TN:
SF:src\products\products.service.ts
FN:17,(anonymous_4)
FN:26,(anonymous_5)
FN:56,(anonymous_6)
FN:90,(anonymous_7)
FN:105,(anonymous_8)
FN:125,(anonymous_9)
FN:134,(anonymous_10)
FN:138,(anonymous_11)
FN:158,(anonymous_12)
FNF:9
FNH:0
FNDA:0,(anonymous_4)
FNDA:0,(anonymous_5)
FNDA:0,(anonymous_6)
FNDA:0,(anonymous_7)
FNDA:0,(anonymous_8)
FNDA:0,(anonymous_9)
FNDA:0,(anonymous_10)
FNDA:0,(anonymous_11)
FNDA:0,(anonymous_12)
DA:2,0
DA:3,0
DA:4,0
DA:5,0
DA:7,0
DA:10,0
DA:15,0
DA:16,0
DA:17,0
DA:18,0
DA:19,0
DA:20,0
DA:28,0
DA:29,0
DA:30,0
DA:31,0
DA:33,0
DA:34,0
DA:38,0
DA:43,0
DA:45,0
DA:57,0
DA:58,0
DA:59,0
DA:60,0
DA:61,0
DA:92,0
DA:93,0
DA:94,0
DA:95,0
DA:97,0
DA:106,0
DA:109,0
DA:111,0
DA:113,0
DA:114,0
DA:126,0
DA:127,0
DA:128,0
DA:135,0
DA:140,0
DA:141,0
DA:143,0
DA:144,0
DA:147,0
DA:149,0
DA:151,0
DA:158,0
DA:159,0
DA:160,0
LF:50
LH:0
BRDA:30,0,0,0
BRDA:30,0,1,0
BRDA:34,1,0,0
BRDA:34,1,1,0
BRDA:94,2,0,0
BRDA:109,3,0,0
BRDA:127,4,0,0
BRDA:140,5,0,0
BRDA:140,5,1,0
BRDA:140,6,0,0
BRDA:140,6,1,0
BRDA:143,7,0,0
BRDA:143,7,1,0
BRF:13
BRH:0
end_of_record
TN:
SF:src\products\Productdto\Product.dto.js
FN:2,(anonymous_0)
FN:11,(anonymous_1)
FN:12,ProductDTO
FNF:3
FNH:0
FNDA:0,(anonymous_0)
FNDA:0,(anonymous_1)
FNDA:0,ProductDTO
DA:2,0
DA:3,0
DA:4,0
DA:5,0
DA:6,0
DA:8,0
DA:9,0
DA:10,0
DA:11,0
DA:14,0
DA:17,0
DA:23,0
DA:25,0
LF:13
LH:0
BRDA:2,0,0,0
BRDA:2,0,1,0
BRDA:2,0,2,0
BRDA:3,1,0,0
BRDA:3,1,1,0
BRDA:3,2,0,0
BRDA:3,2,1,0
BRDA:4,3,0,0
BRDA:4,3,1,0
BRDA:4,4,0,0
BRDA:4,4,1,0
BRDA:5,5,0,0
BRDA:5,5,1,0
BRDA:5,6,0,0
BRDA:5,6,1,0
BRDA:5,7,0,0
BRDA:5,7,1,0
BRDA:5,8,0,0
BRDA:5,8,1,0
BRDA:6,9,0,0
BRDA:6,9,1,0
BRDA:6,9,2,0
BRF:22
BRH:0
end_of_record
TN:
SF:src\products\Productdto\Product.dto.ts
FNF:0
FNH:0
DA:1,0
DA:4,0
DA:6,0
DA:9,0
DA:21,0
DA:25,0
DA:29,0
DA:35,0
DA:39,0
DA:41,0
LF:10
LH:0
BRF:0
BRH:0
end_of_record
